\BOOKMARK [0][-]{chapter.1}{\376\377\0001\000\040\000C\000l\000a\000s\000s\000\040\000I\000n\000d\000e\000x}{}% 1
\BOOKMARK [1][-]{section.1.1}{\376\377\0001\000.\0001\000\040\000C\000l\000a\000s\000s\000\040\000L\000i\000s\000t}{chapter.1}% 2
\BOOKMARK [0][-]{chapter.2}{\376\377\0002\000\040\000F\000i\000l\000e\000\040\000I\000n\000d\000e\000x}{}% 3
\BOOKMARK [1][-]{section.2.1}{\376\377\0002\000.\0001\000\040\000F\000i\000l\000e\000\040\000L\000i\000s\000t}{chapter.2}% 4
\BOOKMARK [0][-]{chapter.3}{\376\377\0003\000\040\000C\000l\000a\000s\000s\000\040\000D\000o\000c\000u\000m\000e\000n\000t\000a\000t\000i\000o\000n}{}% 5
\BOOKMARK [1][-]{section.3.1}{\376\377\0003\000.\0001\000\040\000S\000e\000q\000u\000e\000n\000c\000e\000<\000\040\000K\000e\000y\000,\000\040\000I\000n\000f\000o\000\040\000>\000:\000:\000C\000o\000n\000s\000t\000I\000t\000e\000r\000a\000t\000o\000r\000\040\000C\000l\000a\000s\000s\000\040\000R\000e\000f\000e\000r\000e\000n\000c\000e}{chapter.3}% 6
\BOOKMARK [2][-]{subsection.3.1.1}{\376\377\0003\000.\0001\000.\0001\000\040\000D\000e\000t\000a\000i\000l\000e\000d\000\040\000D\000e\000s\000c\000r\000i\000p\000t\000i\000o\000n}{section.3.1}% 7
\BOOKMARK [1][-]{section.3.2}{\376\377\0003\000.\0002\000\040\000S\000e\000q\000u\000e\000n\000c\000e\000<\000\040\000K\000e\000y\000,\000\040\000I\000n\000f\000o\000\040\000>\000:\000:\000I\000t\000e\000r\000a\000t\000o\000r\000\040\000C\000l\000a\000s\000s\000\040\000R\000e\000f\000e\000r\000e\000n\000c\000e}{chapter.3}% 8
\BOOKMARK [2][-]{subsection.3.2.1}{\376\377\0003\000.\0002\000.\0001\000\040\000D\000e\000t\000a\000i\000l\000e\000d\000\040\000D\000e\000s\000c\000r\000i\000p\000t\000i\000o\000n}{section.3.2}% 9
\BOOKMARK [1][-]{section.3.3}{\376\377\0003\000.\0003\000\040\000S\000e\000q\000u\000e\000n\000c\000e\000<\000\040\000K\000e\000y\000,\000\040\000I\000n\000f\000o\000\040\000>\000:\000:\000I\000t\000e\000r\000E\000n\000d\000\040\000S\000t\000r\000u\000c\000t\000\040\000R\000e\000f\000e\000r\000e\000n\000c\000e}{chapter.3}% 10
\BOOKMARK [1][-]{section.3.4}{\376\377\0003\000.\0004\000\040\000S\000e\000q\000u\000e\000n\000c\000e\000<\000\040\000K\000e\000y\000,\000\040\000I\000n\000f\000o\000\040\000>\000:\000:\000N\000o\000d\000e\000\040\000C\000l\000a\000s\000s\000\040\000R\000e\000f\000e\000r\000e\000n\000c\000e}{chapter.3}% 11
\BOOKMARK [2][-]{subsection.3.4.1}{\376\377\0003\000.\0004\000.\0001\000\040\000D\000e\000t\000a\000i\000l\000e\000d\000\040\000D\000e\000s\000c\000r\000i\000p\000t\000i\000o\000n}{section.3.4}% 12
\BOOKMARK [1][-]{section.3.5}{\376\377\0003\000.\0005\000\040\000O\000w\000n\000i\000n\000g\000P\000t\000r\000<\000\040\000T\000\040\000>\000\040\000C\000l\000a\000s\000s\000\040\000T\000e\000m\000p\000l\000a\000t\000e\000\040\000R\000e\000f\000e\000r\000e\000n\000c\000e}{chapter.3}% 13
\BOOKMARK [2][-]{subsection.3.5.1}{\376\377\0003\000.\0005\000.\0001\000\040\000D\000e\000t\000a\000i\000l\000e\000d\000\040\000D\000e\000s\000c\000r\000i\000p\000t\000i\000o\000n}{section.3.5}% 14
\BOOKMARK [1][-]{section.3.6}{\376\377\0003\000.\0006\000\040\000S\000e\000q\000u\000e\000n\000c\000e\000<\000\040\000K\000e\000y\000,\000\040\000I\000n\000f\000o\000\040\000>\000\040\000S\000t\000r\000u\000c\000t\000\040\000T\000e\000m\000p\000l\000a\000t\000e\000\040\000R\000e\000f\000e\000r\000e\000n\000c\000e}{chapter.3}% 15
\BOOKMARK [2][-]{subsection.3.6.1}{\376\377\0003\000.\0006\000.\0001\000\040\000M\000e\000m\000b\000e\000r\000\040\000F\000u\000n\000c\000t\000i\000o\000n\000\040\000D\000o\000c\000u\000m\000e\000n\000t\000a\000t\000i\000o\000n}{section.3.6}% 16
\BOOKMARK [3][-]{subsubsection.3.6.1.1}{\376\377\0003\000.\0006\000.\0001\000.\0001\000\040\000a\000p\000p\000e\000n\000d\000\050\000\051}{subsection.3.6.1}% 17
\BOOKMARK [3][-]{subsubsection.3.6.1.2}{\376\377\0003\000.\0006\000.\0001\000.\0002\000\040\000f\000i\000r\000s\000t\000\050\000\051\000\040\000[\0001\000/\0002\000]}{subsection.3.6.1}% 18
\BOOKMARK [3][-]{subsubsection.3.6.1.3}{\376\377\0003\000.\0006\000.\0001\000.\0003\000\040\000f\000i\000r\000s\000t\000\050\000\051\000\040\000[\0002\000/\0002\000]}{subsection.3.6.1}% 19
\BOOKMARK [3][-]{subsubsection.3.6.1.4}{\376\377\0003\000.\0006\000.\0001\000.\0004\000\040\000g\000e\000t\000\137\000e\000l\000e\000m\000\137\000b\000y\000\050\000\051\000\040\000[\0001\000/\0002\000]}{subsection.3.6.1}% 20
\BOOKMARK [3][-]{subsubsection.3.6.1.5}{\376\377\0003\000.\0006\000.\0001\000.\0005\000\040\000g\000e\000t\000\137\000e\000l\000e\000m\000\137\000b\000y\000\050\000\051\000\040\000[\0002\000/\0002\000]}{subsection.3.6.1}% 21
\BOOKMARK [3][-]{subsubsection.3.6.1.6}{\376\377\0003\000.\0006\000.\0001\000.\0006\000\040\000g\000e\000t\000\137\000i\000t\000e\000r\000\137\000b\000y\000\050\000\051\000\040\000[\0001\000/\0002\000]}{subsection.3.6.1}% 22
\BOOKMARK [3][-]{subsubsection.3.6.1.7}{\376\377\0003\000.\0006\000.\0001\000.\0007\000\040\000g\000e\000t\000\137\000i\000t\000e\000r\000\137\000b\000y\000\050\000\051\000\040\000[\0002\000/\0002\000]}{subsection.3.6.1}% 23
\BOOKMARK [3][-]{subsubsection.3.6.1.8}{\376\377\0003\000.\0006\000.\0001\000.\0008\000\040\000i\000n\000s\000e\000r\000t\000\050\000\051}{subsection.3.6.1}% 24
\BOOKMARK [3][-]{subsubsection.3.6.1.9}{\376\377\0003\000.\0006\000.\0001\000.\0009\000\040\000i\000n\000s\000e\000r\000t\000\137\000a\000t\000\050\000\051}{subsection.3.6.1}% 25
\BOOKMARK [3][-]{subsubsection.3.6.1.10}{\376\377\0003\000.\0006\000.\0001\000.\0001\0000\000\040\000l\000a\000s\000t\000\050\000\051\000\040\000[\0001\000/\0002\000]}{subsection.3.6.1}% 26
\BOOKMARK [3][-]{subsubsection.3.6.1.11}{\376\377\0003\000.\0006\000.\0001\000.\0001\0001\000\040\000l\000a\000s\000t\000\050\000\051\000\040\000[\0002\000/\0002\000]}{subsection.3.6.1}% 27
\BOOKMARK [3][-]{subsubsection.3.6.1.12}{\376\377\0003\000.\0006\000.\0001\000.\0001\0002\000\040\000p\000o\000p\000b\000\050\000\051}{subsection.3.6.1}% 28
\BOOKMARK [3][-]{subsubsection.3.6.1.13}{\376\377\0003\000.\0006\000.\0001\000.\0001\0003\000\040\000p\000o\000p\000f\000\050\000\051}{subsection.3.6.1}% 29
\BOOKMARK [3][-]{subsubsection.3.6.1.14}{\376\377\0003\000.\0006\000.\0001\000.\0001\0004\000\040\000r\000e\000m\000o\000v\000e\000\137\000i\000f\000\050\000\051}{subsection.3.6.1}% 30
\BOOKMARK [0][-]{chapter.4}{\376\377\0004\000\040\000F\000i\000l\000e\000\040\000D\000o\000c\000u\000m\000e\000n\000t\000a\000t\000i\000o\000n}{}% 31
\BOOKMARK [1][-]{section.4.1}{\376\377\0004\000.\0001\000\040\000s\000e\000q\000u\000e\000n\000c\000e\000.\000c\000c\000\040\000F\000i\000l\000e\000\040\000R\000e\000f\000e\000r\000e\000n\000c\000e}{chapter.4}% 32
\BOOKMARK [0][-]{section*.21}{\376\377\000I\000n\000d\000e\000x}{}% 33
